<?xml version="1.0" encoding="UTF-8"?>
<!-- Generated by org.testng.reporters.JUnitReportReporter -->
<testsuite hostname="DESKTOP-989ELPM" failures="0" tests="1" name="com.testcases.LoginTC_001" time="16.598" errors="0" timestamp="23 Feb 2023 07:45:42 GMT" skipped="0">
  <testcase classname="com.testcases.LoginTC_001" name="loginTest" time="16.598"/>
</testsuite> <!-- com.testcases.LoginTC_001 -->
